12/11/24, 11:40:15 - COUCOU
12/11/24, 11:40:15 - 2
12/11/24, 11:40:15 - 2i
12/11/24, 11:40:15 - 2i)
12/11/24, 11:40:15 - 2i)A
12/11/24, 11:40:15 - 2i)A0
12/11/24, 11:40:15 - 2i)A0`
12/11/24, 11:40:15 - 2i)A0`Z
12/11/24, 11:40:15 - 2i)A0`Z]
12/11/24, 11:40:15 - 2i)A0`Z]t
12/11/24, 11:40:15 - 2i)A0`Z]tQ
12/11/24, 11:40:15 - 2i)A0`Z]tQ;
12/11/24, 11:40:15 - 2i)A0`Z]tQ;-
12/11/24, 11:40:15 - 2i)A0`Z]tQ;-_
12/11/24, 11:40:15 - 2i)A0`Z]tQ;-_$
12/11/24, 11:40:15 - 2i)A0`Z]tQ;-_$R
12/11/24, 11:40:15 - 2i)A0`Z]tQ;-_$RX
12/11/24, 11:40:15 - 2i)A0`Z]tQ;-_$RXn
12/11/24, 11:40:15 - 2i)A0`Z]tQ;-_$RXn!
12/11/24, 11:40:15 - 2i)A0`Z]tQ;-_$RXn!z
12/11/24, 11:40:15 - 2i)A0`Z]tQ;-_$RXn!zZ
12/11/24, 11:40:15 - 2i)A0`Z]tQ;-_$RXn!zZC
12/11/24, 11:40:15 - 2i)A0`Z]tQ;-_$RXn!zZC}
12/11/24, 11:40:15 - 2i)A0`Z]tQ;-_$RXn!zZC}>
12/11/24, 11:40:15 - 2i)A0`Z]tQ;-_$RXn!zZC}>l
12/11/24, 11:40:15 - 2i)A0`Z]tQ;-_$RXn!zZC}>l.
12/11/24, 11:40:15 - 2i)A0`Z]tQ;-_$RXn!zZC}>l.I
12/11/24, 11:40:15 - 2i)A0`Z]tQ;-_$RXn!zZC}>l.I$
12/11/24, 11:40:15 - 2i)A0`Z]tQ;-_$RXn!zZC}>l.I$#
12/11/24, 11:40:15 - 2i)A0`Z]tQ;-_$RXn!zZC}>l.I$#$
12/11/24, 11:40:15 - 2i)A0`Z]tQ;-_$RXn!zZC}>l.I$#$t
12/11/24, 11:40:15 - 2i)A0`Z]tQ;-_$RXn!zZC}>l.I$#$t
12/11/24, 11:40:45 - COUCOU
12/11/24, 11:40:45 - 2
12/11/24, 11:40:45 - 2i
12/11/24, 11:40:45 - 2i)
12/11/24, 11:40:45 - 2i)A
12/11/24, 11:40:45 - 2i)A0
12/11/24, 11:40:45 - 2i)A0`
12/11/24, 11:40:45 - 2i)A0`Z
12/11/24, 11:40:45 - 2i)A0`Z]
12/11/24, 11:40:45 - 2i)A0`Z]t
12/11/24, 11:40:45 - 2i)A0`Z]tQ
12/11/24, 11:40:45 - 2i)A0`Z]tQ;
12/11/24, 11:40:45 - 2i)A0`Z]tQ;-
12/11/24, 11:40:45 - 2i)A0`Z]tQ;-_
12/11/24, 11:40:45 - 2i)A0`Z]tQ;-_$
12/11/24, 11:40:45 - 2i)A0`Z]tQ;-_$R
12/11/24, 11:40:45 - 2i)A0`Z]tQ;-_$RX
12/11/24, 11:40:45 - 2i)A0`Z]tQ;-_$RXn
12/11/24, 11:40:45 - 2i)A0`Z]tQ;-_$RXn!
12/11/24, 11:40:45 - 2i)A0`Z]tQ;-_$RXn!z
12/11/24, 11:40:45 - 2i)A0`Z]tQ;-_$RXn!zZ
12/11/24, 11:40:45 - 2i)A0`Z]tQ;-_$RXn!zZC
12/11/24, 11:40:45 - 2i)A0`Z]tQ;-_$RXn!zZC}
12/11/24, 11:40:45 - 2i)A0`Z]tQ;-_$RXn!zZC}>
12/11/24, 11:40:45 - 2i)A0`Z]tQ;-_$RXn!zZC}>l
12/11/24, 11:40:45 - 2i)A0`Z]tQ;-_$RXn!zZC}>l.
12/11/24, 11:40:45 - 2i)A0`Z]tQ;-_$RXn!zZC}>l.I
12/11/24, 11:40:45 - 2i)A0`Z]tQ;-_$RXn!zZC}>l.I$
12/11/24, 11:40:45 - 2i)A0`Z]tQ;-_$RXn!zZC}>l.I$#
12/11/24, 11:40:45 - 2i)A0`Z]tQ;-_$RXn!zZC}>l.I$#$
12/11/24, 11:40:45 - 2i)A0`Z]tQ;-_$RXn!zZC}>l.I$#$t
12/11/24, 11:40:45 - 2i)A0`Z]tQ;-_$RXn!zZC}>l.I$#$t
